<?xml version="1.0" encoding="UTF-8"?>
<!-- Generated by org.testng.reporters.JUnitReportReporter -->
<testsuite hostname="DESKTOP-QA1OPGH" failures="0" tests="2" name="testclasses.test1" time="0.044" errors="0" timestamp="2023-10-26T00:04:56 IST" skipped="0">
  <testcase classname="testclasses.test1" name="m2" time="0.039"/>
  <system-out/>
  <testcase classname="testclasses.test1" name="m4" time="0.005"/>
  <system-out/>
</testsuite> <!-- testclasses.test1 -->
